
> @n8n/rest-api-client@1.25.0 build /root/project-flexai/flexai/packages/frontend/@n8n/rest-api-client
> tsdown

[34mℹ[39m tsdown [2mv0.16.5[22m powered by rolldown [2mv1.0.0-beta.50[22m
[34mℹ[39m Using tsdown config: [4m/root/project-flexai/flexai/packages/frontend/@n8n/rest-api-client/tsdown.config.ts[24m
[34mℹ[39m entry: [34msrc/index.ts, src/types.ts, src/utils.ts, src/api/ai.ts, src/api/api-keys.ts, src/api/breaking-changes.ts, src/api/cloudPlans.ts, src/api/communityNodes.ts, src/api/consent.ts, src/api/ctas.ts, src/api/dynamic-banners.ts, src/api/eventbus.ee.ts, src/api/events.ts, src/api/execution.ts, src/api/externalSecrets.ee.ts, src/api/index.ts, src/api/ldap.ts, src/api/mfa.ts, src/api/module-settings.ts, src/api/nodeTypes.ts, src/api/npsSurvey.ts, src/api/orchestration.ts, src/api/prompts.ts, src/api/provisioning.ts, src/api/roles.ts, src/api/settings.ts, src/api/sso.ts, src/api/tags.ts, src/api/templates.ts, src/api/third-party-licenses.ts, src/api/ui.ts, src/api/usage.ts, src/api/users.ts, src/api/versions.ts, src/api/webhooks.ts, src/api/workflowHistory.ts, src/api/workflows.ts[39m
[34mℹ[39m tsconfig: [34mtsconfig.json[39m
[34mℹ[39m Build start
[34mℹ[39m Cleaning 323 files
[34mℹ[39m [33m[CJS][39m [2mdist/[22m[1mindex.cjs[22m                     [2m 9.33 kB[22m [2m│ gzip: 1.82 kB[22m
[34mℹ[39m [33m[CJS][39m [2mdist/[22m[1mapi/index.cjs[22m                 [2m 8.77 kB[22m [2m│ gzip: 1.69 kB[22m
[34mℹ[39m [33m[CJS][39m [2mdist/[22m[1mapi/users.cjs[22m                 [2m 1.19 kB[22m [2m│ gzip: 0.32 kB[22m
[34mℹ[39m [33m[CJS][39m [2mdist/[22m[1mapi/nodeTypes.cjs[22m             [2m 0.86 kB[22m [2m│ gzip: 0.25 kB[22m
[34mℹ[39m [33m[CJS][39m [2mdist/[22m[1mapi/breaking-changes.cjs[22m      [2m 0.78 kB[22m [2m│ gzip: 0.33 kB[22m
[34mℹ[39m [33m[CJS][39m [2mdist/[22m[1mapi/externalSecrets.ee.cjs[22m    [2m 0.68 kB[22m [2m│ gzip: 0.18 kB[22m
[34mℹ[39m [33m[CJS][39m [2mdist/[22m[1mutils.cjs[22m                     [2m 0.61 kB[22m [2m│ gzip: 0.22 kB[22m
[34mℹ[39m [33m[CJS][39m [2mdist/[22m[1mapi/eventbus.ee.cjs[22m           [2m 0.56 kB[22m [2m│ gzip: 0.19 kB[22m
[34mℹ[39m [33m[CJS][39m [2mdist/[22m[1mapi/sso.cjs[22m                   [2m 0.53 kB[22m [2m│ gzip: 0.18 kB[22m
[34mℹ[39m [33m[CJS][39m [2mdist/[22m[1mapi/templates.cjs[22m             [2m 0.51 kB[22m [2m│ gzip: 0.18 kB[22m
[34mℹ[39m [33m[CJS][39m [2mdist/[22m[1mapi/consent.cjs[22m               [2m 0.50 kB[22m [2m│ gzip: 0.26 kB[22m
[34mℹ[39m [33m[CJS][39m [2mdist/[22m[1mapi/communityNodes.cjs[22m        [2m 0.48 kB[22m [2m│ gzip: 0.17 kB[22m
[34mℹ[39m [33m[CJS][39m [2mdist/[22m[1mapi/cloudPlans.cjs[22m            [2m 0.48 kB[22m [2m│ gzip: 0.18 kB[22m
[34mℹ[39m [33m[CJS][39m [2mdist/[22m[1mapi/usage.cjs[22m                 [2m 0.37 kB[22m [2m│ gzip: 0.17 kB[22m
[34mℹ[39m [33m[CJS][39m [2mdist/[22m[1mapi/ldap.cjs[22m                  [2m 0.36 kB[22m [2m│ gzip: 0.16 kB[22m
[34mℹ[39m [33m[CJS][39m [2mdist/[22m[1mapi/mfa.cjs[22m                   [2m 0.35 kB[22m [2m│ gzip: 0.17 kB[22m
[34mℹ[39m [33m[CJS][39m [2mdist/[22m[1mapi/roles.cjs[22m                 [2m 0.35 kB[22m [2m│ gzip: 0.15 kB[22m
[34mℹ[39m [33m[CJS][39m [2mdist/[22m[1mapi/api-keys.cjs[22m              [2m 0.35 kB[22m [2m│ gzip: 0.15 kB[22m
[34mℹ[39m [33m[CJS][39m [2mdist/[22m[1mapi/dynamic-banners.cjs[22m       [2m 0.30 kB[22m [2m│ gzip: 0.20 kB[22m
[34mℹ[39m [33m[CJS][39m [2mdist/[22m[1mapi/provisioning.cjs[22m          [2m 0.24 kB[22m [2m│ gzip: 0.12 kB[22m
[34mℹ[39m [33m[CJS][39m [2mdist/[22m[1mapi/workflowHistory.cjs[22m       [2m 0.24 kB[22m [2m│ gzip: 0.12 kB[22m
[34mℹ[39m [33m[CJS][39m [2mdist/[22m[1mapi/versions.cjs[22m              [2m 0.20 kB[22m [2m│ gzip: 0.12 kB[22m
[34mℹ[39m [33m[CJS][39m [2mdist/[22m[1mapi/prompts.cjs[22m               [2m 0.20 kB[22m [2m│ gzip: 0.12 kB[22m
[34mℹ[39m [33m[CJS][39m [2mdist/[22m[1mapi/third-party-licenses.cjs[22m  [2m 0.19 kB[22m [2m│ gzip: 0.12 kB[22m
[34mℹ[39m [33m[CJS][39m [2mdist/[22m[1mapi/module-settings.cjs[22m       [2m 0.16 kB[22m [2m│ gzip: 0.11 kB[22m
[34mℹ[39m [33m[CJS][39m [2mdist/[22m[1mapi/orchestration.cjs[22m         [2m 0.16 kB[22m [2m│ gzip: 0.11 kB[22m
[34mℹ[39m [33m[CJS][39m [2mdist/[22m[1mapi/npsSurvey.cjs[22m             [2m 0.15 kB[22m [2m│ gzip: 0.10 kB[22m
[34mℹ[39m [33m[CJS][39m [2mdist/[22m[1mapi/ui.cjs[22m                    [2m 0.14 kB[22m [2m│ gzip: 0.11 kB[22m
[34mℹ[39m [33m[CJS][39m [2mdist/[22m[1mapi/ctas.cjs[22m                  [2m 0.14 kB[22m [2m│ gzip: 0.10 kB[22m
[34mℹ[39m [33m[CJS][39m [2mdist/[22m[1mapi/events.cjs[22m                [2m 0.13 kB[22m [2m│ gzip: 0.10 kB[22m
[34mℹ[39m [33m[CJS][39m [2mdist/[22m[1mapi/settings.cjs[22m              [2m 0.13 kB[22m [2m│ gzip: 0.09 kB[22m
[34mℹ[39m [33m[CJS][39m [2mdist/[22m[1mapi/webhooks.cjs[22m              [2m 0.13 kB[22m [2m│ gzip: 0.10 kB[22m
[34mℹ[39m [33m[CJS][39m [2mdist/[22m[1mapi/ai.cjs[22m                    [2m 0.12 kB[22m [2m│ gzip: 0.10 kB[22m
[34mℹ[39m [33m[CJS][39m [2mdist/[22m[1mapi/execution.cjs[22m             [2m 0.00 kB[22m [2m│ gzip: 0.02 kB[22m
[34mℹ[39m [33m[CJS][39m [2mdist/[22m[1mapi/tags.cjs[22m                  [2m 0.00 kB[22m [2m│ gzip: 0.02 kB[22m
[34mℹ[39m [33m[CJS][39m [2mdist/[22m[1mapi/workflows.cjs[22m             [2m 0.00 kB[22m [2m│ gzip: 0.02 kB[22m
[34mℹ[39m [33m[CJS][39m [2mdist/[22m[1mtypes.cjs[22m                     [2m 0.00 kB[22m [2m│ gzip: 0.02 kB[22m
[34mℹ[39m [33m[CJS][39m [2mdist/[22mutils2.cjs.map                [2m12.51 kB[22m [2m│ gzip: 4.12 kB[22m
[34mℹ[39m [33m[CJS][39m [2mdist/[22mutils2.cjs                    [2m 8.65 kB[22m [2m│ gzip: 2.81 kB[22m
[34mℹ[39m [33m[CJS][39m [2mdist/[22musers.cjs.map                 [2m 8.64 kB[22m [2m│ gzip: 1.84 kB[22m
[34mℹ[39m [33m[CJS][39m [2mdist/[22mtemplates.cjs.map             [2m 6.30 kB[22m [2m│ gzip: 1.70 kB[22m
[34mℹ[39m [33m[CJS][39m [2mdist/[22musers.cjs                     [2m 5.39 kB[22m [2m│ gzip: 0.86 kB[22m
[34mℹ[39m [33m[CJS][39m [2mdist/[22mnodeTypes.cjs.map             [2m 4.67 kB[22m [2m│ gzip: 1.32 kB[22m
[34mℹ[39m [33m[CJS][39m [2mdist/[22mnodeTypes.cjs                 [2m 3.77 kB[22m [2m│ gzip: 0.84 kB[22m
[34mℹ[39m [33m[CJS][39m [2mdist/[22msso.cjs.map                   [2m 2.84 kB[22m [2m│ gzip: 0.77 kB[22m
[34mℹ[39m [33m[CJS][39m [2mdist/[22mcloudPlans.cjs.map            [2m 2.79 kB[22m [2m│ gzip: 1.01 kB[22m
[34mℹ[39m [33m[CJS][39m [2mdist/[22mexternalSecrets.ee.cjs.map    [2m 2.64 kB[22m [2m│ gzip: 0.70 kB[22m
[34mℹ[39m [33m[CJS][39m [2mdist/[22mldap.cjs.map                  [2m 2.63 kB[22m [2m│ gzip: 0.90 kB[22m
[34mℹ[39m [33m[CJS][39m [2mdist/[22msso.cjs                       [2m 2.52 kB[22m [2m│ gzip: 0.49 kB[22m
[34mℹ[39m [33m[CJS][39m [2mdist/[22mtemplates.cjs                 [2m 2.50 kB[22m [2m│ gzip: 0.59 kB[22m
[34mℹ[39m [33m[CJS][39m [2mdist/[22meventbus.ee.cjs.map           [2m 2.33 kB[22m [2m│ gzip: 0.79 kB[22m
[34mℹ[39m [33m[CJS][39m [2mdist/[22mexternalSecrets.ee.cjs        [2m 2.31 kB[22m [2m│ gzip: 0.45 kB[22m
[34mℹ[39m [33m[CJS][39m [2mdist/[22mcommunityNodes.cjs.map        [2m 2.11 kB[22m [2m│ gzip: 0.82 kB[22m
[34mℹ[39m [33m[CJS][39m [2mdist/[22mversions.cjs.map              [2m 2.05 kB[22m [2m│ gzip: 0.78 kB[22m
[34mℹ[39m [33m[CJS][39m [2mdist/[22meventbus.ee.cjs               [2m 1.94 kB[22m [2m│ gzip: 0.50 kB[22m
[34mℹ[39m [33m[CJS][39m [2mdist/[22mmfa.cjs.map                   [2m 1.88 kB[22m [2m│ gzip: 0.61 kB[22m
[34mℹ[39m [33m[CJS][39m [2mdist/[22musage.cjs.map                 [2m 1.80 kB[22m [2m│ gzip: 0.64 kB[22m
[34mℹ[39m [33m[CJS][39m [2mdist/[22mcommunityNodes.cjs            [2m 1.76 kB[22m [2m│ gzip: 0.57 kB[22m
[34mℹ[39m [33m[CJS][39m [2mdist/[22mroles.cjs.map                 [2m 1.76 kB[22m [2m│ gzip: 0.60 kB[22m
[34mℹ[39m [33m[CJS][39m [2mdist/[22mapi-keys.cjs.map              [2m 1.75 kB[22m [2m│ gzip: 0.58 kB[22m
[34mℹ[39m [33m[CJS][39m [2mdist/[22mcloudPlans.cjs                [2m 1.69 kB[22m [2m│ gzip: 0.43 kB[22m
[34mℹ[39m [33m[CJS][39m [2mdist/[22mmfa.cjs                       [2m 1.63 kB[22m [2m│ gzip: 0.41 kB[22m
[34mℹ[39m [33m[CJS][39m [2mdist/[22mworkflowHistory.cjs.map       [2m 1.62 kB[22m [2m│ gzip: 0.62 kB[22m
[34mℹ[39m [33m[CJS][39m [2mdist/[22mapi/breaking-changes.cjs.map  [2m 1.56 kB[22m [2m│ gzip: 0.62 kB[22m
[34mℹ[39m [33m[CJS][39m [2mdist/[22musage.cjs                     [2m 1.52 kB[22m [2m│ gzip: 0.42 kB[22m
[34mℹ[39m [33m[CJS][39m [2mdist/[22mroles.cjs                     [2m 1.49 kB[22m [2m│ gzip: 0.41 kB[22m
[34mℹ[39m [33m[CJS][39m [2mdist/[22mldap.cjs                      [2m 1.47 kB[22m [2m│ gzip: 0.40 kB[22m
[34mℹ[39m [33m[CJS][39m [2mdist/[22mapi-keys.cjs                  [2m 1.41 kB[22m [2m│ gzip: 0.39 kB[22m
[34mℹ[39m [33m[CJS][39m [2mdist/[22mprompts.cjs.map               [2m 1.16 kB[22m [2m│ gzip: 0.53 kB[22m
[34mℹ[39m [33m[CJS][39m [2mdist/[22mprovisioning.cjs.map          [2m 1.08 kB[22m [2m│ gzip: 0.46 kB[22m
[34mℹ[39m [33m[CJS][39m [2mdist/[22mapi/consent.cjs.map           [2m 0.96 kB[22m [2m│ gzip: 0.45 kB[22m
[34mℹ[39m [33m[CJS][39m [2mdist/[22mapi/dynamic-banners.cjs.map   [2m 0.94 kB[22m [2m│ gzip: 0.51 kB[22m
[34mℹ[39m [33m[CJS][39m [2mdist/[22mversions.cjs                  [2m 0.88 kB[22m [2m│ gzip: 0.37 kB[22m
[34mℹ[39m [33m[CJS][39m [2mdist/[22mprompts.cjs                   [2m 0.85 kB[22m [2m│ gzip: 0.37 kB[22m
[34mℹ[39m [33m[CJS][39m [2mdist/[22mworkflowHistory.cjs           [2m 0.83 kB[22m [2m│ gzip: 0.34 kB[22m
[34mℹ[39m [33m[CJS][39m [2mdist/[22mprovisioning.cjs              [2m 0.73 kB[22m [2m│ gzip: 0.32 kB[22m
[34mℹ[39m [33m[CJS][39m [2mdist/[22mwebhooks.cjs.map              [2m 0.73 kB[22m [2m│ gzip: 0.42 kB[22m
[34mℹ[39m [33m[CJS][39m [2mdist/[22mui.cjs.map                    [2m 0.66 kB[22m [2m│ gzip: 0.40 kB[22m
[34mℹ[39m [33m[CJS][39m [2mdist/[22mmodule-settings.cjs.map       [2m 0.56 kB[22m [2m│ gzip: 0.32 kB[22m
[34mℹ[39m [33m[CJS][39m [2mdist/[22morchestration.cjs.map         [2m 0.56 kB[22m [2m│ gzip: 0.35 kB[22m
[34mℹ[39m [33m[CJS][39m [2mdist/[22mthird-party-licenses.cjs.map  [2m 0.55 kB[22m [2m│ gzip: 0.35 kB[22m
[34mℹ[39m [33m[CJS][39m [2mdist/[22mnpsSurvey.cjs.map             [2m 0.55 kB[22m [2m│ gzip: 0.33 kB[22m
[34mℹ[39m [33m[CJS][39m [2mdist/[22msettings.cjs.map              [2m 0.52 kB[22m [2m│ gzip: 0.31 kB[22m
[34mℹ[39m [33m[CJS][39m [2mdist/[22mai.cjs.map                    [2m 0.52 kB[22m [2m│ gzip: 0.34 kB[22m
[34mℹ[39m [33m[CJS][39m [2mdist/[22mthird-party-licenses.cjs      [2m 0.47 kB[22m [2m│ gzip: 0.29 kB[22m
[34mℹ[39m [33m[CJS][39m [2mdist/[22morchestration.cjs             [2m 0.47 kB[22m [2m│ gzip: 0.30 kB[22m
[34mℹ[39m [33m[CJS][39m [2mdist/[22mevents.cjs.map                [2m 0.46 kB[22m [2m│ gzip: 0.30 kB[22m
[34mℹ[39m [33m[CJS][39m [2mdist/[22mctas.cjs.map                  [2m 0.45 kB[22m [2m│ gzip: 0.31 kB[22m
[34mℹ[39m [33m[CJS][39m [2mdist/[22mui.cjs                        [2m 0.44 kB[22m [2m│ gzip: 0.29 kB[22m
[34mℹ[39m [33m[CJS][39m [2mdist/[22mnpsSurvey.cjs                 [2m 0.42 kB[22m [2m│ gzip: 0.28 kB[22m
[34mℹ[39m [33m[CJS][39m [2mdist/[22mmodule-settings.cjs           [2m 0.41 kB[22m [2m│ gzip: 0.27 kB[22m
[34mℹ[39m [33m[CJS][39m [2mdist/[22mai.cjs                        [2m 0.39 kB[22m [2m│ gzip: 0.27 kB[22m
[34mℹ[39m [33m[CJS][39m [2mdist/[22mwebhooks.cjs                  [2m 0.39 kB[22m [2m│ gzip: 0.27 kB[22m
[34mℹ[39m [33m[CJS][39m [2mdist/[22mevents.cjs                    [2m 0.39 kB[22m [2m│ gzip: 0.27 kB[22m
[34mℹ[39m [33m[CJS][39m [2mdist/[22mctas.cjs                      [2m 0.38 kB[22m [2m│ gzip: 0.26 kB[22m
[34mℹ[39m [33m[CJS][39m [2mdist/[22msettings.cjs                  [2m 0.37 kB[22m [2m│ gzip: 0.26 kB[22m
[34mℹ[39m [33m[CJS][39m [2mdist/[22mapi.cjs                       [2m 0.00 kB[22m [2m│ gzip: 0.02 kB[22m
[34mℹ[39m [33m[CJS][39m 97 files, total: 144.76 kB
[33m[EMPTY_IMPORT_META] Warning:[0m `import.meta` may not be a valid syntax with the `cjs` output format.
     [38;5;246m╭[0m[38;5;246m─[0m[38;5;246m[[0m src/utils.ts:112:3 [38;5;246m][0m
     [38;5;246m│[0m
 [38;5;246m112 │[0m [38;5;249m [0m[38;5;249m [0m[38;5;249m [0m[38;5;249m [0m[38;5;249m [0m[38;5;249m [0m[38;5;249m [0mimport.meta[38;5;249m.[0m[38;5;249me[0m[38;5;249mn[0m[38;5;249mv[0m[38;5;249m.[0m[38;5;249mN[0m[38;5;249mO[0m[38;5;249mD[0m[38;5;249mE[0m[38;5;249m_[0m[38;5;249mE[0m[38;5;249mN[0m[38;5;249mV[0m[38;5;249m [0m[38;5;249m![0m[38;5;249m=[0m[38;5;249m=[0m[38;5;249m [0m[38;5;249m'[0m[38;5;249mp[0m[38;5;249mr[0m[38;5;249mo[0m[38;5;249md[0m[38;5;249mu[0m[38;5;249mc[0m[38;5;249mt[0m[38;5;249mi[0m[38;5;249mo[0m[38;5;249mn[0m[38;5;249m'[0m[38;5;249m [0m[38;5;249m&[0m[38;5;249m&[0m
 [38;5;240m    │[0m        ─────┬─────  
 [38;5;240m    │[0m             ╰─────── This `import.meta` will be replaced with an empty object (`{}`) automatically. If this is desired, you can suppress this warning by adding `transform.define: { 'import.meta': {} }`. If `import.meta` needs to be kept as-is, you need to set the output format to `esm`.
[38;5;246m─────╯[0m

[34mℹ[39m [34m[ESM][39m [2mdist/[22m[1mindex.mjs[22m                       [2m 6.23 kB[22m [2m│ gzip: 1.72 kB[22m
[34mℹ[39m [34m[ESM][39m [2mdist/[22m[1mapi/index.mjs[22m                   [2m 5.88 kB[22m [2m│ gzip: 1.58 kB[22m
[34mℹ[39m [34m[ESM][39m [2mdist/[22m[1mapi/users.mjs[22m                   [2m 0.84 kB[22m [2m│ gzip: 0.33 kB[22m
[34mℹ[39m [34m[ESM][39m [2mdist/[22m[1mapi/breaking-changes.mjs[22m        [2m 0.69 kB[22m [2m│ gzip: 0.32 kB[22m
[34mℹ[39m [34m[ESM][39m [2mdist/[22m[1mapi/nodeTypes.mjs[22m               [2m 0.63 kB[22m [2m│ gzip: 0.24 kB[22m
[34mℹ[39m [34m[ESM][39m [2mdist/[22m[1mapi/externalSecrets.ee.mjs[22m      [2m 0.44 kB[22m [2m│ gzip: 0.18 kB[22m
[34mℹ[39m [34m[ESM][39m [2mdist/[22m[1mapi/consent.mjs[22m                 [2m 0.44 kB[22m [2m│ gzip: 0.24 kB[22m
[34mℹ[39m [34m[ESM][39m [2mdist/[22m[1mutils.mjs[22m                       [2m 0.41 kB[22m [2m│ gzip: 0.23 kB[22m
[34mℹ[39m [34m[ESM][39m [2mdist/[22m[1mapi/eventbus.ee.mjs[22m             [2m 0.40 kB[22m [2m│ gzip: 0.19 kB[22m
[34mℹ[39m [34m[ESM][39m [2mdist/[22m[1mapi/sso.mjs[22m                     [2m 0.38 kB[22m [2m│ gzip: 0.18 kB[22m
[34mℹ[39m [34m[ESM][39m [2mdist/[22m[1mapi/templates.mjs[22m               [2m 0.35 kB[22m [2m│ gzip: 0.17 kB[22m
[34mℹ[39m [34m[ESM][39m [2mdist/[22m[1mapi/communityNodes.mjs[22m          [2m 0.33 kB[22m [2m│ gzip: 0.17 kB[22m
[34mℹ[39m [34m[ESM][39m [2mdist/[22m[1mapi/cloudPlans.mjs[22m              [2m 0.33 kB[22m [2m│ gzip: 0.18 kB[22m
[34mℹ[39m [34m[ESM][39m [2mdist/[22m[1mapi/usage.mjs[22m                   [2m 0.28 kB[22m [2m│ gzip: 0.16 kB[22m
[34mℹ[39m [34m[ESM][39m [2mdist/[22m[1mapi/ldap.mjs[22m                    [2m 0.27 kB[22m [2m│ gzip: 0.16 kB[22m
[34mℹ[39m [34m[ESM][39m [2mdist/[22m[1mapi/dynamic-banners.mjs[22m         [2m 0.27 kB[22m [2m│ gzip: 0.19 kB[22m
[34mℹ[39m [34m[ESM][39m [2mdist/[22m[1mapi/roles.mjs[22m                   [2m 0.26 kB[22m [2m│ gzip: 0.15 kB[22m
[34mℹ[39m [34m[ESM][39m [2mdist/[22m[1mapi/mfa.mjs[22m                     [2m 0.25 kB[22m [2m│ gzip: 0.16 kB[22m
[34mℹ[39m [34m[ESM][39m [2mdist/[22m[1mapi/api-keys.mjs[22m                [2m 0.24 kB[22m [2m│ gzip: 0.14 kB[22m
[34mℹ[39m [34m[ESM][39m [2mdist/[22m[1mapi/provisioning.mjs[22m            [2m 0.18 kB[22m [2m│ gzip: 0.11 kB[22m
[34mℹ[39m [34m[ESM][39m [2mdist/[22m[1mapi/workflowHistory.mjs[22m         [2m 0.17 kB[22m [2m│ gzip: 0.11 kB[22m
[34mℹ[39m [34m[ESM][39m [2mdist/[22m[1mapi/versions.mjs[22m                [2m 0.15 kB[22m [2m│ gzip: 0.12 kB[22m
[34mℹ[39m [34m[ESM][39m [2mdist/[22m[1mapi/prompts.mjs[22m                 [2m 0.15 kB[22m [2m│ gzip: 0.12 kB[22m
[34mℹ[39m [34m[ESM][39m [2mdist/[22m[1mapi/third-party-licenses.mjs[22m    [2m 0.13 kB[22m [2m│ gzip: 0.10 kB[22m
[34mℹ[39m [34m[ESM][39m [2mdist/[22m[1mapi/orchestration.mjs[22m           [2m 0.12 kB[22m [2m│ gzip: 0.10 kB[22m
[34mℹ[39m [34m[ESM][39m [2mdist/[22m[1mapi/ui.mjs[22m                      [2m 0.12 kB[22m [2m│ gzip: 0.10 kB[22m
[34mℹ[39m [34m[ESM][39m [2mdist/[22m[1mapi/module-settings.mjs[22m         [2m 0.12 kB[22m [2m│ gzip: 0.10 kB[22m
[34mℹ[39m [34m[ESM][39m [2mdist/[22m[1mapi/npsSurvey.mjs[22m               [2m 0.12 kB[22m [2m│ gzip: 0.10 kB[22m
[34mℹ[39m [34m[ESM][39m [2mdist/[22m[1mapi/ctas.mjs[22m                    [2m 0.11 kB[22m [2m│ gzip: 0.10 kB[22m
[34mℹ[39m [34m[ESM][39m [2mdist/[22m[1mapi/ai.mjs[22m                      [2m 0.10 kB[22m [2m│ gzip: 0.09 kB[22m
[34mℹ[39m [34m[ESM][39m [2mdist/[22m[1mapi/events.mjs[22m                  [2m 0.10 kB[22m [2m│ gzip: 0.09 kB[22m
[34mℹ[39m [34m[ESM][39m [2mdist/[22m[1mapi/settings.mjs[22m                [2m 0.10 kB[22m [2m│ gzip: 0.09 kB[22m
[34mℹ[39m [34m[ESM][39m [2mdist/[22m[1mapi/webhooks.mjs[22m                [2m 0.10 kB[22m [2m│ gzip: 0.09 kB[22m
[34mℹ[39m [34m[ESM][39m [2mdist/[22m[1mapi/execution.mjs[22m               [2m 0.01 kB[22m [2m│ gzip: 0.03 kB[22m
[34mℹ[39m [34m[ESM][39m [2mdist/[22m[1mapi/tags.mjs[22m                    [2m 0.01 kB[22m [2m│ gzip: 0.03 kB[22m
[34mℹ[39m [34m[ESM][39m [2mdist/[22m[1mapi/workflows.mjs[22m               [2m 0.01 kB[22m [2m│ gzip: 0.03 kB[22m
[34mℹ[39m [34m[ESM][39m [2mdist/[22m[1mtypes.mjs[22m                       [2m 0.01 kB[22m [2m│ gzip: 0.03 kB[22m
[34mℹ[39m [34m[ESM][39m [2mdist/[22mutils2.mjs.map                  [2m12.45 kB[22m [2m│ gzip: 4.10 kB[22m
[34mℹ[39m [34m[ESM][39m [2mdist/[22musers.mjs.map                   [2m 8.60 kB[22m [2m│ gzip: 1.83 kB[22m
[34mℹ[39m [34m[ESM][39m [2mdist/[22mutils2.mjs                      [2m 6.31 kB[22m [2m│ gzip: 2.30 kB[22m
[34mℹ[39m [34m[ESM][39m [2mdist/[22mtemplates.mjs.map               [2m 6.28 kB[22m [2m│ gzip: 1.70 kB[22m
[34mℹ[39m [34m[ESM][39m [2mdist/[22mnodeTypes.mjs.map               [2m 4.64 kB[22m [2m│ gzip: 1.31 kB[22m
[34mℹ[39m [34m[ESM][39m [2mdist/[22musers.mjs                       [2m 3.10 kB[22m [2m│ gzip: 0.74 kB[22m
[34mℹ[39m [34m[ESM][39m [2mdist/[22msso.mjs.map                     [2m 2.81 kB[22m [2m│ gzip: 0.76 kB[22m
[34mℹ[39m [34m[ESM][39m [2mdist/[22mcloudPlans.mjs.map              [2m 2.77 kB[22m [2m│ gzip: 1.00 kB[22m
[34mℹ[39m [34m[ESM][39m [2mdist/[22mexternalSecrets.ee.mjs.map      [2m 2.61 kB[22m [2m│ gzip: 0.70 kB[22m
[34mℹ[39m [34m[ESM][39m [2mdist/[22mldap.mjs.map                    [2m 2.61 kB[22m [2m│ gzip: 0.89 kB[22m
[34mℹ[39m [34m[ESM][39m [2mdist/[22mnodeTypes.mjs                   [2m 2.44 kB[22m [2m│ gzip: 0.73 kB[22m
[34mℹ[39m [34m[ESM][39m [2mdist/[22meventbus.ee.mjs.map             [2m 2.31 kB[22m [2m│ gzip: 0.79 kB[22m
[34mℹ[39m [34m[ESM][39m [2mdist/[22mcommunityNodes.mjs.map          [2m 2.04 kB[22m [2m│ gzip: 0.80 kB[22m
[34mℹ[39m [34m[ESM][39m [2mdist/[22mversions.mjs.map                [2m 1.99 kB[22m [2m│ gzip: 0.76 kB[22m
[34mℹ[39m [34m[ESM][39m [2mdist/[22mmfa.mjs.map                     [2m 1.85 kB[22m [2m│ gzip: 0.61 kB[22m
[34mℹ[39m [34m[ESM][39m [2mdist/[22musage.mjs.map                   [2m 1.77 kB[22m [2m│ gzip: 0.63 kB[22m
[34mℹ[39m [34m[ESM][39m [2mdist/[22mroles.mjs.map                   [2m 1.73 kB[22m [2m│ gzip: 0.60 kB[22m
[34mℹ[39m [34m[ESM][39m [2mdist/[22mapi-keys.mjs.map                [2m 1.73 kB[22m [2m│ gzip: 0.58 kB[22m
[34mℹ[39m [34m[ESM][39m [2mdist/[22mtemplates.mjs                   [2m 1.66 kB[22m [2m│ gzip: 0.51 kB[22m
[34mℹ[39m [34m[ESM][39m [2mdist/[22mworkflowHistory.mjs.map         [2m 1.61 kB[22m [2m│ gzip: 0.61 kB[22m
[34mℹ[39m [34m[ESM][39m [2mdist/[22mapi/breaking-changes.mjs.map    [2m 1.53 kB[22m [2m│ gzip: 0.60 kB[22m
[34mℹ[39m [34m[ESM][39m [2mdist/[22msso.mjs                         [2m 1.46 kB[22m [2m│ gzip: 0.39 kB[22m
[34mℹ[39m [34m[ESM][39m [2mdist/[22mexternalSecrets.ee.mjs          [2m 1.44 kB[22m [2m│ gzip: 0.37 kB[22m
[34mℹ[39m [34m[ESM][39m [2mdist/[22meventbus.ee.mjs                 [2m 1.20 kB[22m [2m│ gzip: 0.42 kB[22m
[34mℹ[39m [34m[ESM][39m [2mdist/[22mcommunityNodes.mjs              [2m 1.17 kB[22m [2m│ gzip: 0.50 kB[22m
[34mℹ[39m [34m[ESM][39m [2mdist/[22mprompts.mjs.map                 [2m 1.13 kB[22m [2m│ gzip: 0.51 kB[22m
[34mℹ[39m [34m[ESM][39m [2mdist/[22mprovisioning.mjs.map            [2m 1.05 kB[22m [2m│ gzip: 0.46 kB[22m
[34mℹ[39m [34m[ESM][39m [2mdist/[22mcloudPlans.mjs                  [2m 0.97 kB[22m [2m│ gzip: 0.36 kB[22m
[34mℹ[39m [34m[ESM][39m [2mdist/[22mmfa.mjs                         [2m 0.95 kB[22m [2m│ gzip: 0.33 kB[22m
[34mℹ[39m [34m[ESM][39m [2mdist/[22mapi/consent.mjs.map             [2m 0.94 kB[22m [2m│ gzip: 0.45 kB[22m
[34mℹ[39m [34m[ESM][39m [2mdist/[22mapi/dynamic-banners.mjs.map     [2m 0.94 kB[22m [2m│ gzip: 0.50 kB[22m
[34mℹ[39m [34m[ESM][39m [2mdist/[22musage.mjs                       [2m 0.92 kB[22m [2m│ gzip: 0.34 kB[22m
[34mℹ[39m [34m[ESM][39m [2mdist/[22mroles.mjs                       [2m 0.90 kB[22m [2m│ gzip: 0.34 kB[22m
[34mℹ[39m [34m[ESM][39m [2mdist/[22mldap.mjs                        [2m 0.88 kB[22m [2m│ gzip: 0.33 kB[22m
[34mℹ[39m [34m[ESM][39m [2mdist/[22mapi-keys.mjs                    [2m 0.83 kB[22m [2m│ gzip: 0.31 kB[22m
[34mℹ[39m [34m[ESM][39m [2mdist/[22mwebhooks.mjs.map                [2m 0.71 kB[22m [2m│ gzip: 0.41 kB[22m
[34mℹ[39m [34m[ESM][39m [2mdist/[22mui.mjs.map                      [2m 0.64 kB[22m [2m│ gzip: 0.40 kB[22m
[34mℹ[39m [34m[ESM][39m [2mdist/[22mversions.mjs                    [2m 0.62 kB[22m [2m│ gzip: 0.30 kB[22m
[34mℹ[39m [34m[ESM][39m [2mdist/[22mprompts.mjs                     [2m 0.59 kB[22m [2m│ gzip: 0.30 kB[22m
[34mℹ[39m [34m[ESM][39m [2mdist/[22mworkflowHistory.mjs             [2m 0.59 kB[22m [2m│ gzip: 0.28 kB[22m
[34mℹ[39m [34m[ESM][39m [2mdist/[22mthird-party-licenses.mjs.map    [2m 0.54 kB[22m [2m│ gzip: 0.35 kB[22m
[34mℹ[39m [34m[ESM][39m [2mdist/[22mmodule-settings.mjs.map         [2m 0.54 kB[22m [2m│ gzip: 0.32 kB[22m
[34mℹ[39m [34m[ESM][39m [2mdist/[22morchestration.mjs.map           [2m 0.54 kB[22m [2m│ gzip: 0.35 kB[22m
[34mℹ[39m [34m[ESM][39m [2mdist/[22mnpsSurvey.mjs.map               [2m 0.53 kB[22m [2m│ gzip: 0.33 kB[22m
[34mℹ[39m [34m[ESM][39m [2mdist/[22msettings.mjs.map                [2m 0.50 kB[22m [2m│ gzip: 0.31 kB[22m
[34mℹ[39m [34m[ESM][39m [2mdist/[22mprovisioning.mjs                [2m 0.50 kB[22m [2m│ gzip: 0.25 kB[22m
[34mℹ[39m [34m[ESM][39m [2mdist/[22mai.mjs.map                      [2m 0.50 kB[22m [2m│ gzip: 0.33 kB[22m
[34mℹ[39m [34m[ESM][39m [2mdist/[22mctas.mjs.map                    [2m 0.45 kB[22m [2m│ gzip: 0.31 kB[22m
[34mℹ[39m [34m[ESM][39m [2mdist/[22mevents.mjs.map                  [2m 0.44 kB[22m [2m│ gzip: 0.30 kB[22m
[34mℹ[39m [34m[ESM][39m [2mdist/[22morchestration.mjs               [2m 0.36 kB[22m [2m│ gzip: 0.24 kB[22m
[34mℹ[39m [34m[ESM][39m [2mdist/[22mthird-party-licenses.mjs        [2m 0.35 kB[22m [2m│ gzip: 0.24 kB[22m
[34mℹ[39m [34m[ESM][39m [2mdist/[22mui.mjs                          [2m 0.33 kB[22m [2m│ gzip: 0.23 kB[22m
[34mℹ[39m [34m[ESM][39m [2mdist/[22mnpsSurvey.mjs                   [2m 0.32 kB[22m [2m│ gzip: 0.22 kB[22m
[34mℹ[39m [34m[ESM][39m [2mdist/[22mmodule-settings.mjs             [2m 0.30 kB[22m [2m│ gzip: 0.20 kB[22m
[34mℹ[39m [34m[ESM][39m [2mdist/[22mwebhooks.mjs                    [2m 0.29 kB[22m [2m│ gzip: 0.21 kB[22m
[34mℹ[39m [34m[ESM][39m [2mdist/[22mai.mjs                          [2m 0.29 kB[22m [2m│ gzip: 0.21 kB[22m
[34mℹ[39m [34m[ESM][39m [2mdist/[22mevents.mjs                      [2m 0.29 kB[22m [2m│ gzip: 0.21 kB[22m
[34mℹ[39m [34m[ESM][39m [2mdist/[22msettings.mjs                    [2m 0.27 kB[22m [2m│ gzip: 0.20 kB[22m
[34mℹ[39m [34m[ESM][39m [2mdist/[22mctas.mjs                        [2m 0.26 kB[22m [2m│ gzip: 0.20 kB[22m
[34mℹ[39m [34m[ESM][39m [2mdist/[22mapi.mjs                         [2m 0.01 kB[22m [2m│ gzip: 0.03 kB[22m
[34mℹ[39m [34m[ESM][39m [2mdist/[22m[32m[1mindex.d.mts[22m[39m                     [2m 8.65 kB[22m [2m│ gzip: 2.24 kB[22m
[34mℹ[39m [34m[ESM][39m [2mdist/[22m[32m[1mapi/index.d.mts[22m[39m                 [2m 8.24 kB[22m [2m│ gzip: 2.09 kB[22m
[34mℹ[39m [34m[ESM][39m [2mdist/[22m[32m[1mapi/users.d.mts[22m[39m                 [2m 1.35 kB[22m [2m│ gzip: 0.43 kB[22m
[34mℹ[39m [34m[ESM][39m [2mdist/[22m[32m[1mapi/templates.d.mts[22m[39m             [2m 1.12 kB[22m [2m│ gzip: 0.33 kB[22m
[34mℹ[39m [34m[ESM][39m [2mdist/[22m[32m[1mapi/breaking-changes.d.mts[22m[39m      [2m 0.77 kB[22m [2m│ gzip: 0.32 kB[22m
[34mℹ[39m [34m[ESM][39m [2mdist/[22m[32m[1mapi/dynamic-banners.d.mts[22m[39m       [2m 0.75 kB[22m [2m│ gzip: 0.40 kB[22m
[34mℹ[39m [34m[ESM][39m [2mdist/[22m[32m[1mapi/nodeTypes.d.mts[22m[39m             [2m 0.63 kB[22m [2m│ gzip: 0.24 kB[22m
[34mℹ[39m [34m[ESM][39m [2mdist/[22m[32m[1mapi/consent.d.mts[22m[39m               [2m 0.57 kB[22m [2m│ gzip: 0.28 kB[22m
[34mℹ[39m [34m[ESM][39m [2mdist/[22m[32m[1mapi/eventbus.ee.d.mts[22m[39m           [2m 0.48 kB[22m [2m│ gzip: 0.21 kB[22m
[34mℹ[39m [34m[ESM][39m [2mdist/[22m[32m[1mapi/sso.d.mts[22m[39m                   [2m 0.45 kB[22m [2m│ gzip: 0.20 kB[22m
[34mℹ[39m [34m[ESM][39m [2mdist/[22m[32m[1mapi/externalSecrets.ee.d.mts[22m[39m    [2m 0.44 kB[22m [2m│ gzip: 0.18 kB[22m
[34mℹ[39m [34m[ESM][39m [2mdist/[22m[32m[1mutils.d.mts[22m[39m                     [2m 0.43 kB[22m [2m│ gzip: 0.23 kB[22m
[34mℹ[39m [34m[ESM][39m [2mdist/[22m[32m[1mapi/cloudPlans.d.mts[22m[39m            [2m 0.43 kB[22m [2m│ gzip: 0.22 kB[22m
[34mℹ[39m [34m[ESM][39m [2mdist/[22m[32m[1mapi/workflowHistory.d.mts[22m[39m       [2m 0.41 kB[22m [2m│ gzip: 0.17 kB[22m
[34mℹ[39m [34m[ESM][39m [2mdist/[22m[32m[1mapi/ldap.d.mts[22m[39m                  [2m 0.37 kB[22m [2m│ gzip: 0.18 kB[22m
[34mℹ[39m [34m[ESM][39m [2mdist/[22m[32m[1mapi/communityNodes.d.mts[22m[39m        [2m 0.33 kB[22m [2m│ gzip: 0.17 kB[22m
[34mℹ[39m [34m[ESM][39m [2mdist/[22m[32m[1mapi/mfa.d.mts[22m[39m                   [2m 0.29 kB[22m [2m│ gzip: 0.17 kB[22m
[34mℹ[39m [34m[ESM][39m [2mdist/[22m[32m[1mapi/usage.d.mts[22m[39m                 [2m 0.28 kB[22m [2m│ gzip: 0.16 kB[22m
[34mℹ[39m [34m[ESM][39m [2mdist/[22m[32m[1mapi/versions.d.mts[22m[39m              [2m 0.26 kB[22m [2m│ gzip: 0.14 kB[22m
[34mℹ[39m [34m[ESM][39m [2mdist/[22m[32m[1mapi/roles.d.mts[22m[39m                 [2m 0.25 kB[22m [2m│ gzip: 0.14 kB[22m
[34mℹ[39m [34m[ESM][39m [2mdist/[22m[32m[1mapi/api-keys.d.mts[22m[39m              [2m 0.23 kB[22m [2m│ gzip: 0.14 kB[22m
[34mℹ[39m [34m[ESM][39m [2mdist/[22m[32m[1mapi/workflows.d.mts[22m[39m             [2m 0.23 kB[22m [2m│ gzip: 0.13 kB[22m
[34mℹ[39m [34m[ESM][39m [2mdist/[22m[32m[1mapi/provisioning.d.mts[22m[39m          [2m 0.22 kB[22m [2m│ gzip: 0.12 kB[22m
[34mℹ[39m [34m[ESM][39m [2mdist/[22m[32m[1mapi/prompts.d.mts[22m[39m               [2m 0.20 kB[22m [2m│ gzip: 0.13 kB[22m
[34mℹ[39m [34m[ESM][39m [2mdist/[22m[32m[1mapi/third-party-licenses.d.mts[22m[39m  [2m 0.13 kB[22m [2m│ gzip: 0.10 kB[22m
[34mℹ[39m [34m[ESM][39m [2mdist/[22m[32m[1mapi/orchestration.d.mts[22m[39m         [2m 0.12 kB[22m [2m│ gzip: 0.10 kB[22m
[34mℹ[39m [34m[ESM][39m [2mdist/[22m[32m[1mapi/ui.d.mts[22m[39m                    [2m 0.12 kB[22m [2m│ gzip: 0.10 kB[22m
[34mℹ[39m [34m[ESM][39m [2mdist/[22m[32m[1mapi/module-settings.d.mts[22m[39m       [2m 0.12 kB[22m [2m│ gzip: 0.10 kB[22m
[34mℹ[39m [34m[ESM][39m [2mdist/[22m[32m[1mapi/npsSurvey.d.mts[22m[39m             [2m 0.12 kB[22m [2m│ gzip: 0.10 kB[22m
[34mℹ[39m [34m[ESM][39m [2mdist/[22m[32m[1mapi/ctas.d.mts[22m[39m                  [2m 0.11 kB[22m [2m│ gzip: 0.10 kB[22m
[34mℹ[39m [34m[ESM][39m [2mdist/[22m[32m[1mapi/ai.d.mts[22m[39m                    [2m 0.10 kB[22m [2m│ gzip: 0.09 kB[22m
[34mℹ[39m [34m[ESM][39m [2mdist/[22m[32m[1mapi/events.d.mts[22m[39m                [2m 0.10 kB[22m [2m│ gzip: 0.09 kB[22m
[34mℹ[39m [34m[ESM][39m [2mdist/[22m[32m[1mapi/settings.d.mts[22m[39m              [2m 0.10 kB[22m [2m│ gzip: 0.09 kB[22m
[34mℹ[39m [34m[ESM][39m [2mdist/[22m[32m[1mapi/webhooks.d.mts[22m[39m              [2m 0.10 kB[22m [2m│ gzip: 0.09 kB[22m
[34mℹ[39m [34m[ESM][39m [2mdist/[22m[32m[1mtypes.d.mts[22m[39m                     [2m 0.08 kB[22m [2m│ gzip: 0.08 kB[22m
[34mℹ[39m [34m[ESM][39m [2mdist/[22m[32m[1mapi/tags.d.mts[22m[39m                  [2m 0.06 kB[22m [2m│ gzip: 0.07 kB[22m
[34mℹ[39m [34m[ESM][39m [2mdist/[22m[32m[1mapi/execution.d.mts[22m[39m             [2m 0.01 kB[22m [2m│ gzip: 0.03 kB[22m
[34mℹ[39m [34m[ESM][39m [2mdist/[22m[32musers.d.mts[39m                     [2m 5.50 kB[22m [2m│ gzip: 1.25 kB[22m
[34mℹ[39m [34m[ESM][39m [2mdist/[22m[32mtemplates.d.mts[39m                 [2m 4.26 kB[22m [2m│ gzip: 1.08 kB[22m
[34mℹ[39m [34m[ESM][39m [2mdist/[22m[32mutils2.d.mts[39m                    [2m 2.20 kB[22m [2m│ gzip: 0.79 kB[22m
[34mℹ[39m [34m[ESM][39m [2mdist/[22m[32mnodeTypes.d.mts[39m                 [2m 2.05 kB[22m [2m│ gzip: 0.58 kB[22m
[34mℹ[39m [34m[ESM][39m [2mdist/[22m[32mcloudPlans.d.mts[39m                [2m 1.94 kB[22m [2m│ gzip: 0.76 kB[22m
[34mℹ[39m [34m[ESM][39m [2mdist/[22m[32mldap.d.mts[39m                      [2m 1.75 kB[22m [2m│ gzip: 0.62 kB[22m
[34mℹ[39m [34m[ESM][39m [2mdist/[22m[32msso.d.mts[39m                       [2m 1.38 kB[22m [2m│ gzip: 0.45 kB[22m
[34mℹ[39m [34m[ESM][39m [2mdist/[22m[32mversions.d.mts[39m                  [2m 1.31 kB[22m [2m│ gzip: 0.51 kB[22m
[34mℹ[39m [34m[ESM][39m [2mdist/[22m[32meventbus.ee.d.mts[39m               [2m 1.29 kB[22m [2m│ gzip: 0.42 kB[22m
[34mℹ[39m [34m[ESM][39m [2mdist/[22m[32mexternalSecrets.ee.d.mts[39m        [2m 1.29 kB[22m [2m│ gzip: 0.39 kB[22m
[34mℹ[39m [34m[ESM][39m [2mdist/[22m[32mworkflows.d.mts[39m                 [2m 1.16 kB[22m [2m│ gzip: 0.44 kB[22m
[34mℹ[39m [34m[ESM][39m [2mdist/[22m[32mworkflowHistory.d.mts[39m           [2m 1.11 kB[22m [2m│ gzip: 0.44 kB[22m
[34mℹ[39m [34m[ESM][39m [2mdist/[22m[32mmfa.d.mts[39m                       [2m 0.94 kB[22m [2m│ gzip: 0.37 kB[22m
[34mℹ[39m [34m[ESM][39m [2mdist/[22m[32mapi-keys.d.mts[39m                  [2m 0.92 kB[22m [2m│ gzip: 0.36 kB[22m
[34mℹ[39m [34m[ESM][39m [2mdist/[22m[32mcommunityNodes.d.mts[39m            [2m 0.91 kB[22m [2m│ gzip: 0.36 kB[22m
[34mℹ[39m [34m[ESM][39m [2mdist/[22m[32musage.d.mts[39m                     [2m 0.91 kB[22m [2m│ gzip: 0.36 kB[22m
[34mℹ[39m [34m[ESM][39m [2mdist/[22m[32mroles.d.mts[39m                     [2m 0.87 kB[22m [2m│ gzip: 0.34 kB[22m
[34mℹ[39m [34m[ESM][39m [2mdist/[22m[32mprovisioning.d.mts[39m              [2m 0.68 kB[22m [2m│ gzip: 0.30 kB[22m
[34mℹ[39m [34m[ESM][39m [2mdist/[22m[32mprompts.d.mts[39m                   [2m 0.53 kB[22m [2m│ gzip: 0.27 kB[22m
[34mℹ[39m [34m[ESM][39m [2mdist/[22m[32mwebhooks.d.mts[39m                  [2m 0.47 kB[22m [2m│ gzip: 0.28 kB[22m
[34mℹ[39m [34m[ESM][39m [2mdist/[22m[32mui.d.mts[39m                        [2m 0.36 kB[22m [2m│ gzip: 0.25 kB[22m
[34mℹ[39m [34m[ESM][39m [2mdist/[22m[32mmodule-settings.d.mts[39m           [2m 0.34 kB[22m [2m│ gzip: 0.22 kB[22m
[34mℹ[39m [34m[ESM][39m [2mdist/[22m[32mnpsSurvey.d.mts[39m                 [2m 0.33 kB[22m [2m│ gzip: 0.22 kB[22m
[34mℹ[39m [34m[ESM][39m [2mdist/[22m[32msettings.d.mts[39m                  [2m 0.30 kB[22m [2m│ gzip: 0.21 kB[22m
[34mℹ[39m [34m[ESM][39m [2mdist/[22m[32mai.d.mts[39m                        [2m 0.29 kB[22m [2m│ gzip: 0.21 kB[22m
[34mℹ[39m [34m[ESM][39m [2mdist/[22m[32mthird-party-licenses.d.mts[39m      [2m 0.28 kB[22m [2m│ gzip: 0.20 kB[22m
[34mℹ[39m [34m[ESM][39m [2mdist/[22m[32morchestration.d.mts[39m             [2m 0.27 kB[22m [2m│ gzip: 0.20 kB[22m
[34mℹ[39m [34m[ESM][39m [2mdist/[22m[32mctas.d.mts[39m                      [2m 0.25 kB[22m [2m│ gzip: 0.19 kB[22m
[34mℹ[39m [34m[ESM][39m [2mdist/[22m[32mevents.d.mts[39m                    [2m 0.24 kB[22m [2m│ gzip: 0.18 kB[22m
[34mℹ[39m [34m[ESM][39m [2mdist/[22m[32mtags.d.mts[39m                      [2m 0.21 kB[22m [2m│ gzip: 0.16 kB[22m
[34mℹ[39m [34m[ESM][39m [2mdist/[22m[32mtypes2.d.mts[39m                    [2m 0.18 kB[22m [2m│ gzip: 0.15 kB[22m
[34mℹ[39m [34m[ESM][39m [2mdist/[22m[32mindex2.d.mts[39m                    [2m 0.01 kB[22m [2m│ gzip: 0.03 kB[22m
[34mℹ[39m [34m[ESM][39m 166 files, total: 182.30 kB
[34mℹ[39m [33m[CJS][39m [2mdist/[22m[32m[1mindex.d.cts[22m[39m                     [2m8.65 kB[22m [2m│ gzip: 2.24 kB[22m
[34mℹ[39m [33m[CJS][39m [2mdist/[22m[32m[1mapi/index.d.cts[22m[39m                 [2m8.24 kB[22m [2m│ gzip: 2.09 kB[22m
[34mℹ[39m [33m[CJS][39m [2mdist/[22m[32m[1mapi/users.d.cts[22m[39m                 [2m1.35 kB[22m [2m│ gzip: 0.43 kB[22m
[34mℹ[39m [33m[CJS][39m [2mdist/[22m[32m[1mapi/templates.d.cts[22m[39m             [2m1.12 kB[22m [2m│ gzip: 0.33 kB[22m
[34mℹ[39m [33m[CJS][39m [2mdist/[22m[32m[1mapi/breaking-changes.d.cts[22m[39m      [2m0.77 kB[22m [2m│ gzip: 0.32 kB[22m
[34mℹ[39m [33m[CJS][39m [2mdist/[22m[32m[1mapi/dynamic-banners.d.cts[22m[39m       [2m0.75 kB[22m [2m│ gzip: 0.40 kB[22m
[34mℹ[39m [33m[CJS][39m [2mdist/[22m[32m[1mapi/nodeTypes.d.cts[22m[39m             [2m0.63 kB[22m [2m│ gzip: 0.24 kB[22m
[34mℹ[39m [33m[CJS][39m [2mdist/[22m[32m[1mapi/consent.d.cts[22m[39m               [2m0.57 kB[22m [2m│ gzip: 0.28 kB[22m
[34mℹ[39m [33m[CJS][39m [2mdist/[22m[32m[1mapi/eventbus.ee.d.cts[22m[39m           [2m0.48 kB[22m [2m│ gzip: 0.21 kB[22m
[34mℹ[39m [33m[CJS][39m [2mdist/[22m[32m[1mapi/sso.d.cts[22m[39m                   [2m0.45 kB[22m [2m│ gzip: 0.20 kB[22m
[34mℹ[39m [33m[CJS][39m [2mdist/[22m[32m[1mapi/externalSecrets.ee.d.cts[22m[39m    [2m0.44 kB[22m [2m│ gzip: 0.18 kB[22m
[34mℹ[39m [33m[CJS][39m [2mdist/[22m[32m[1mutils.d.cts[22m[39m                     [2m0.43 kB[22m [2m│ gzip: 0.23 kB[22m
[34mℹ[39m [33m[CJS][39m [2mdist/[22m[32m[1mapi/cloudPlans.d.cts[22m[39m            [2m0.43 kB[22m [2m│ gzip: 0.22 kB[22m
[34mℹ[39m [33m[CJS][39m [2mdist/[22m[32m[1mapi/workflowHistory.d.cts[22m[39m       [2m0.41 kB[22m [2m│ gzip: 0.17 kB[22m
[34mℹ[39m [33m[CJS][39m [2mdist/[22m[32m[1mapi/ldap.d.cts[22m[39m                  [2m0.37 kB[22m [2m│ gzip: 0.18 kB[22m
[34mℹ[39m [33m[CJS][39m [2mdist/[22m[32m[1mapi/communityNodes.d.cts[22m[39m        [2m0.33 kB[22m [2m│ gzip: 0.17 kB[22m
[34mℹ[39m [33m[CJS][39m [2mdist/[22m[32m[1mapi/mfa.d.cts[22m[39m                   [2m0.29 kB[22m [2m│ gzip: 0.17 kB[22m
[34mℹ[39m [33m[CJS][39m [2mdist/[22m[32m[1mapi/usage.d.cts[22m[39m                 [2m0.28 kB[22m [2m│ gzip: 0.16 kB[22m
[34mℹ[39m [33m[CJS][39m [2mdist/[22m[32m[1mapi/versions.d.cts[22m[39m              [2m0.26 kB[22m [2m│ gzip: 0.14 kB[22m
[34mℹ[39m [33m[CJS][39m [2mdist/[22m[32m[1mapi/roles.d.cts[22m[39m                 [2m0.25 kB[22m [2m│ gzip: 0.14 kB[22m
[34mℹ[39m [33m[CJS][39m [2mdist/[22m[32m[1mapi/api-keys.d.cts[22m[39m              [2m0.23 kB[22m [2m│ gzip: 0.14 kB[22m
[34mℹ[39m [33m[CJS][39m [2mdist/[22m[32m[1mapi/workflows.d.cts[22m[39m             [2m0.23 kB[22m [2m│ gzip: 0.13 kB[22m
[34mℹ[39m [33m[CJS][39m [2mdist/[22m[32m[1mapi/provisioning.d.cts[22m[39m          [2m0.22 kB[22m [2m│ gzip: 0.12 kB[22m
[34mℹ[39m [33m[CJS][39m [2mdist/[22m[32m[1mapi/prompts.d.cts[22m[39m               [2m0.20 kB[22m [2m│ gzip: 0.13 kB[22m
[34mℹ[39m [33m[CJS][39m [2mdist/[22m[32m[1mapi/third-party-licenses.d.cts[22m[39m  [2m0.13 kB[22m [2m│ gzip: 0.10 kB[22m
[34mℹ[39m [33m[CJS][39m [2mdist/[22m[32m[1mapi/orchestration.d.cts[22m[39m         [2m0.12 kB[22m [2m│ gzip: 0.10 kB[22m
[34mℹ[39m [33m[CJS][39m [2mdist/[22m[32m[1mapi/ui.d.cts[22m[39m                    [2m0.12 kB[22m [2m│ gzip: 0.10 kB[22m
[34mℹ[39m [33m[CJS][39m [2mdist/[22m[32m[1mapi/module-settings.d.cts[22m[39m       [2m0.12 kB[22m [2m│ gzip: 0.10 kB[22m
[34mℹ[39m [33m[CJS][39m [2mdist/[22m[32m[1mapi/npsSurvey.d.cts[22m[39m             [2m0.12 kB[22m [2m│ gzip: 0.10 kB[22m
[34mℹ[39m [33m[CJS][39m [2mdist/[22m[32m[1mapi/ctas.d.cts[22m[39m                  [2m0.11 kB[22m [2m│ gzip: 0.10 kB[22m
[34mℹ[39m [33m[CJS][39m [2mdist/[22m[32m[1mapi/ai.d.cts[22m[39m                    [2m0.10 kB[22m [2m│ gzip: 0.09 kB[22m
[34mℹ[39m [33m[CJS][39m [2mdist/[22m[32m[1mapi/events.d.cts[22m[39m                [2m0.10 kB[22m [2m│ gzip: 0.09 kB[22m
[34mℹ[39m [33m[CJS][39m [2mdist/[22m[32m[1mapi/settings.d.cts[22m[39m              [2m0.10 kB[22m [2m│ gzip: 0.09 kB[22m
[34mℹ[39m [33m[CJS][39m [2mdist/[22m[32m[1mapi/webhooks.d.cts[22m[39m              [2m0.10 kB[22m [2m│ gzip: 0.09 kB[22m
[34mℹ[39m [33m[CJS][39m [2mdist/[22m[32m[1mtypes.d.cts[22m[39m                     [2m0.08 kB[22m [2m│ gzip: 0.08 kB[22m
[34mℹ[39m [33m[CJS][39m [2mdist/[22m[32m[1mapi/tags.d.cts[22m[39m                  [2m0.06 kB[22m [2m│ gzip: 0.07 kB[22m
[34mℹ[39m [33m[CJS][39m [2mdist/[22m[32m[1mapi/execution.d.cts[22m[39m             [2m0.01 kB[22m [2m│ gzip: 0.03 kB[22m
[34mℹ[39m [33m[CJS][39m [2mdist/[22m[32musers.d.cts[39m                     [2m5.50 kB[22m [2m│ gzip: 1.25 kB[22m
[34mℹ[39m [33m[CJS][39m [2mdist/[22m[32mtemplates.d.cts[39m                 [2m4.26 kB[22m [2m│ gzip: 1.08 kB[22m
[34mℹ[39m [33m[CJS][39m [2mdist/[22m[32mutils2.d.cts[39m                    [2m2.20 kB[22m [2m│ gzip: 0.79 kB[22m
[34mℹ[39m [33m[CJS][39m [2mdist/[22m[32mnodeTypes.d.cts[39m                 [2m2.05 kB[22m [2m│ gzip: 0.58 kB[22m
[34mℹ[39m [33m[CJS][39m [2mdist/[22m[32mcloudPlans.d.cts[39m                [2m1.94 kB[22m [2m│ gzip: 0.76 kB[22m
[34mℹ[39m [33m[CJS][39m [2mdist/[22m[32mldap.d.cts[39m                      [2m1.75 kB[22m [2m│ gzip: 0.62 kB[22m
[34mℹ[39m [33m[CJS][39m [2mdist/[22m[32msso.d.cts[39m                       [2m1.38 kB[22m [2m│ gzip: 0.45 kB[22m
[34mℹ[39m [33m[CJS][39m [2mdist/[22m[32mversions.d.cts[39m                  [2m1.31 kB[22m [2m│ gzip: 0.51 kB[22m
[34mℹ[39m [33m[CJS][39m [2mdist/[22m[32meventbus.ee.d.cts[39m               [2m1.29 kB[22m [2m│ gzip: 0.42 kB[22m
[34mℹ[39m [33m[CJS][39m [2mdist/[22m[32mexternalSecrets.ee.d.cts[39m        [2m1.29 kB[22m [2m│ gzip: 0.39 kB[22m
[34mℹ[39m [33m[CJS][39m [2mdist/[22m[32mworkflows.d.cts[39m                 [2m1.16 kB[22m [2m│ gzip: 0.44 kB[22m
[34mℹ[39m [33m[CJS][39m [2mdist/[22m[32mworkflowHistory.d.cts[39m           [2m1.11 kB[22m [2m│ gzip: 0.44 kB[22m
[34mℹ[39m [33m[CJS][39m [2mdist/[22m[32mmfa.d.cts[39m                       [2m0.94 kB[22m [2m│ gzip: 0.37 kB[22m
[34mℹ[39m [33m[CJS][39m [2mdist/[22m[32mapi-keys.d.cts[39m                  [2m0.92 kB[22m [2m│ gzip: 0.36 kB[22m
[34mℹ[39m [33m[CJS][39m [2mdist/[22m[32mcommunityNodes.d.cts[39m            [2m0.91 kB[22m [2m│ gzip: 0.36 kB[22m
[34mℹ[39m [33m[CJS][39m [2mdist/[22m[32musage.d.cts[39m                     [2m0.91 kB[22m [2m│ gzip: 0.36 kB[22m
[34mℹ[39m [33m[CJS][39m [2mdist/[22m[32mroles.d.cts[39m                     [2m0.87 kB[22m [2m│ gzip: 0.34 kB[22m
[34mℹ[39m [33m[CJS][39m [2mdist/[22m[32mprovisioning.d.cts[39m              [2m0.68 kB[22m [2m│ gzip: 0.30 kB[22m
[34mℹ[39m [33m[CJS][39m [2mdist/[22m[32mprompts.d.cts[39m                   [2m0.53 kB[22m [2m│ gzip: 0.27 kB[22m
[34mℹ[39m [33m[CJS][39m [2mdist/[22m[32mwebhooks.d.cts[39m                  [2m0.47 kB[22m [2m│ gzip: 0.28 kB[22m
[34mℹ[39m [33m[CJS][39m [2mdist/[22m[32mui.d.cts[39m                        [2m0.36 kB[22m [2m│ gzip: 0.25 kB[22m
[34mℹ[39m [33m[CJS][39m [2mdist/[22m[32mmodule-settings.d.cts[39m           [2m0.34 kB[22m [2m│ gzip: 0.22 kB[22m
[34mℹ[39m [33m[CJS][39m [2mdist/[22m[32mnpsSurvey.d.cts[39m                 [2m0.33 kB[22m [2m│ gzip: 0.22 kB[22m
[34mℹ[39m [33m[CJS][39m [2mdist/[22m[32msettings.d.cts[39m                  [2m0.30 kB[22m [2m│ gzip: 0.20 kB[22m
[34mℹ[39m [33m[CJS][39m [2mdist/[22m[32mai.d.cts[39m                        [2m0.29 kB[22m [2m│ gzip: 0.21 kB[22m
[34mℹ[39m [33m[CJS][39m [2mdist/[22m[32mthird-party-licenses.d.cts[39m      [2m0.28 kB[22m [2m│ gzip: 0.20 kB[22m
[34mℹ[39m [33m[CJS][39m [2mdist/[22m[32morchestration.d.cts[39m             [2m0.27 kB[22m [2m│ gzip: 0.20 kB[22m
[34mℹ[39m [33m[CJS][39m [2mdist/[22m[32mctas.d.cts[39m                      [2m0.25 kB[22m [2m│ gzip: 0.19 kB[22m
[34mℹ[39m [33m[CJS][39m [2mdist/[22m[32mevents.d.cts[39m                    [2m0.24 kB[22m [2m│ gzip: 0.18 kB[22m
[34mℹ[39m [33m[CJS][39m [2mdist/[22m[32mtags.d.cts[39m                      [2m0.21 kB[22m [2m│ gzip: 0.16 kB[22m
[34mℹ[39m [33m[CJS][39m [2mdist/[22m[32mtypes2.d.cts[39m                    [2m0.18 kB[22m [2m│ gzip: 0.15 kB[22m
[34mℹ[39m [33m[CJS][39m [2mdist/[22m[32mindex2.d.cts[39m                    [2m0.01 kB[22m [2m│ gzip: 0.03 kB[22m
[34mℹ[39m [33m[CJS][39m 69 files, total: 63.20 kB
[32m✔[39m Build complete in [32m4870ms[39m
